-------------------------------------------------------------------------------
Test set: com.saur.userAuthentication.UserAuthenticationApplicationTests
-------------------------------------------------------------------------------
Tests run: 1, Failures: 0, Errors: 1, Skipped: 0, Time elapsed: 0.659 s <<< FAILURE! - in com.saur.userAuthentication.UserAuthenticationApplicationTests
com.saur.userAuthentication.UserAuthenticationApplicationTests  Time elapsed: 0.644 s  <<< ERROR!
java.lang.IllegalStateException: Unable to find a @SpringBootConfiguration, you need to use @ContextConfiguration or @SpringBootTest(classes=...) with your test

